mode: atomic
follow-info/utils/utils.go:39.52,40.22 1 6
follow-info/utils/utils.go:56.2,56.17 1 6
follow-info/utils/utils.go:40.22,43.31 3 12
follow-info/utils/utils.go:50.3,50.43 1 12
follow-info/utils/utils.go:43.31,44.22 1 18
follow-info/utils/utils.go:44.22,46.10 2 0
follow-info/utils/utils.go:50.43,52.4 1 12
follow-info/utils/utils.go:59.32,61.2 1 17
follow-info/utils/utils.go:63.57,65.2 1 1
follow-info/utils/utils.go:67.57,69.2 1 1
follow-info/utils/utils.go:72.59,73.26 1 0
follow-info/utils/utils.go:76.2,87.27 8 0
follow-info/utils/utils.go:73.26,75.3 1 0
follow-info/utils/utils.go:91.79,93.82 2 6
follow-info/utils/utils.go:97.2,101.51 3 5
follow-info/utils/utils.go:105.2,105.29 1 3
follow-info/utils/utils.go:109.2,113.30 3 3
follow-info/utils/utils.go:119.2,119.31 1 3
follow-info/utils/utils.go:125.2,130.24 4 3
follow-info/utils/utils.go:134.2,138.8 1 3
follow-info/utils/utils.go:93.82,95.3 1 1
follow-info/utils/utils.go:101.51,103.3 1 2
follow-info/utils/utils.go:105.29,107.3 1 117
follow-info/utils/utils.go:113.30,114.51 1 6
follow-info/utils/utils.go:114.51,116.4 1 6
follow-info/utils/utils.go:119.31,120.51 1 6
follow-info/utils/utils.go:120.51,122.4 1 6
follow-info/utils/utils.go:130.24,132.3 1 0
follow-info/utils/utils.go:142.49,145.16 2 0
follow-info/utils/utils.go:149.2,159.16 6 0
follow-info/utils/utils.go:163.2,163.24 1 0
follow-info/utils/utils.go:167.2,169.16 2 0
follow-info/utils/utils.go:173.2,175.16 2 0
follow-info/utils/utils.go:179.2,181.16 2 0
follow-info/utils/utils.go:185.2,187.46 2 0
follow-info/utils/utils.go:192.2,198.28 4 0
follow-info/utils/utils.go:245.2,245.20 1 0
follow-info/utils/utils.go:249.2,249.12 1 0
follow-info/utils/utils.go:145.16,147.3 1 0
follow-info/utils/utils.go:159.16,161.3 1 0
follow-info/utils/utils.go:163.24,165.3 1 0
follow-info/utils/utils.go:169.16,171.3 1 0
follow-info/utils/utils.go:175.16,177.3 1 0
follow-info/utils/utils.go:181.16,183.3 1 0
follow-info/utils/utils.go:187.46,190.3 2 0
follow-info/utils/utils.go:198.28,205.17 4 0
follow-info/utils/utils.go:209.3,209.26 1 0
follow-info/utils/utils.go:213.3,213.31 1 0
follow-info/utils/utils.go:205.17,207.4 1 0
follow-info/utils/utils.go:209.26,211.4 1 0
follow-info/utils/utils.go:213.31,215.18 2 0
follow-info/utils/utils.go:221.4,221.18 1 0
follow-info/utils/utils.go:226.4,226.41 1 0
follow-info/utils/utils.go:215.18,218.5 2 0
follow-info/utils/utils.go:221.18,224.5 2 0
follow-info/utils/utils.go:226.41,229.5 2 0
follow-info/utils/utils.go:229.10,232.19 2 0
follow-info/utils/utils.go:237.5,237.79 1 0
follow-info/utils/utils.go:232.19,235.6 2 0
follow-info/utils/utils.go:245.20,247.3 1 0
follow-info/utils/utils.go:253.75,256.16 2 0
follow-info/utils/utils.go:260.2,263.16 3 0
follow-info/utils/utils.go:267.2,267.40 1 0
follow-info/utils/utils.go:271.2,273.40 2 0
follow-info/utils/utils.go:362.2,362.22 1 0
follow-info/utils/utils.go:256.16,258.3 1 0
follow-info/utils/utils.go:263.16,265.3 1 0
follow-info/utils/utils.go:267.40,269.3 1 0
follow-info/utils/utils.go:273.40,281.31 4 0
follow-info/utils/utils.go:287.3,287.17 1 0
follow-info/utils/utils.go:291.3,292.17 2 0
follow-info/utils/utils.go:296.3,296.46 1 0
follow-info/utils/utils.go:281.31,285.4 3 0
follow-info/utils/utils.go:287.17,289.4 1 0
follow-info/utils/utils.go:292.17,294.4 1 0
follow-info/utils/utils.go:296.46,298.48 1 0
follow-info/utils/utils.go:309.4,310.28 2 0
follow-info/utils/utils.go:317.4,319.32 2 0
follow-info/utils/utils.go:328.4,328.38 1 0
follow-info/utils/utils.go:333.4,333.30 1 0
follow-info/utils/utils.go:352.4,352.27 1 0
follow-info/utils/utils.go:357.4,357.42 1 0
follow-info/utils/utils.go:298.48,300.59 2 0
follow-info/utils/utils.go:300.59,301.20 1 0
follow-info/utils/utils.go:306.6,306.14 1 0
follow-info/utils/utils.go:301.20,303.7 1 0
follow-info/utils/utils.go:303.12,305.7 1 0
follow-info/utils/utils.go:310.28,311.33 1 0
follow-info/utils/utils.go:311.33,313.11 2 0
follow-info/utils/utils.go:319.32,320.28 1 0
follow-info/utils/utils.go:320.28,324.11 4 0
follow-info/utils/utils.go:328.38,331.5 2 0
follow-info/utils/utils.go:333.30,335.19 2 0
follow-info/utils/utils.go:339.5,341.33 2 0
follow-info/utils/utils.go:335.19,337.6 1 0
follow-info/utils/utils.go:341.33,342.29 1 0
follow-info/utils/utils.go:342.29,346.12 4 0
follow-info/utils/utils.go:352.27,354.5 1 0
